mode: atomic
github.com/EdgarOrtegaRamirez/qrcodeforge/internal/qr/qr.go:11.90,14.16 2 2
github.com/EdgarOrtegaRamirez/qrcodeforge/internal/qr/qr.go:15.13,16.19 1 1
github.com/EdgarOrtegaRamirez/qrcodeforge/internal/qr/qr.go:16.19,18.4 1 0
github.com/EdgarOrtegaRamirez/qrcodeforge/internal/qr/qr.go:19.3,19.53 1 1
github.com/EdgarOrtegaRamirez/qrcodeforge/internal/qr/qr.go:20.13,21.19 1 0
github.com/EdgarOrtegaRamirez/qrcodeforge/internal/qr/qr.go:21.19,23.4 1 0
github.com/EdgarOrtegaRamirez/qrcodeforge/internal/qr/qr.go:24.3,24.53 1 0
github.com/EdgarOrtegaRamirez/qrcodeforge/internal/qr/qr.go:25.10,28.17 2 1
github.com/EdgarOrtegaRamirez/qrcodeforge/internal/qr/qr.go:28.17,30.4 1 0
github.com/EdgarOrtegaRamirez/qrcodeforge/internal/qr/qr.go:31.3,32.13 2 1
github.com/EdgarOrtegaRamirez/qrcodeforge/internal/qr/qr.go:37.80,38.18 1 0
github.com/EdgarOrtegaRamirez/qrcodeforge/internal/qr/qr.go:38.18,40.3 1 0
github.com/EdgarOrtegaRamirez/qrcodeforge/internal/qr/qr.go:41.2,41.82 1 0
github.com/EdgarOrtegaRamirez/qrcodeforge/internal/qr/qr.go:46.69,47.18 1 1
github.com/EdgarOrtegaRamirez/qrcodeforge/internal/qr/qr.go:47.18,49.3 1 0
github.com/EdgarOrtegaRamirez/qrcodeforge/internal/qr/qr.go:50.2,50.60 1 1
